<?xml version="1.0" encoding="UTF-8"?>
<!-- Generated by org.testng.reporters.JUnitXMLReporter -->
<testsuite hostname="DESKTOP-C0VVU4I" name="Default test" tests="4" failures="0" timestamp="5 Apr 2018 12:29:59 GMT" time="15.86" errors="0">
  <testcase name="operateBrowser" time="3.562" classname="webdriver_API.Browser"/>
  <testcase name="get_Title" time="0.017" classname="webdriver_API.Browser"/>
  <testcase name="get_url" time="0.01" classname="webdriver_API.Browser"/>
  <testcase name="sendtext" time="5.214" classname="webdriver_API.Browser"/>
</testsuite> <!-- Default test -->
