<?xml version="1.0" encoding="UTF-8"?>
<testng-results skipped="0" failed="0" total="4" passed="4">
  <reporter-output>
  </reporter-output>
  <suite name="Default suite" duration-ms="15860" started-at="2018-04-05T12:29:43Z" finished-at="2018-04-05T12:29:59Z">
    <groups>
    </groups>
    <test name="Default test" duration-ms="15860" started-at="2018-04-05T12:29:43Z" finished-at="2018-04-05T12:29:59Z">
      <class name="webdriver_API.Browser">
        <test-method status="PASS" signature="setup_breswer()[pri:0, instance:webdriver_API.Browser@1e397ed7]" name="setup_breswer" is-config="true" duration-ms="6904" started-at="2018-04-05T20:29:43Z" finished-at="2018-04-05T20:29:50Z">
          <reporter-output>
          </reporter-output>
        </test-method> <!-- setup_breswer -->
        <test-method status="PASS" signature="operateBrowser()[pri:1, instance:webdriver_API.Browser@1e397ed7]" name="operateBrowser" duration-ms="3562" started-at="2018-04-05T20:29:50Z" finished-at="2018-04-05T20:29:53Z">
          <reporter-output>
          </reporter-output>
        </test-method> <!-- operateBrowser -->
        <test-method status="PASS" signature="get_Title()[pri:2, instance:webdriver_API.Browser@1e397ed7]" name="get_Title" duration-ms="17" started-at="2018-04-05T20:29:53Z" finished-at="2018-04-05T20:29:53Z">
          <reporter-output>
          </reporter-output>
        </test-method> <!-- get_Title -->
        <test-method status="PASS" signature="get_url()[pri:4, instance:webdriver_API.Browser@1e397ed7]" name="get_url" duration-ms="10" started-at="2018-04-05T20:29:53Z" finished-at="2018-04-05T20:29:53Z">
          <reporter-output>
          </reporter-output>
        </test-method> <!-- get_url -->
        <test-method status="PASS" signature="sendtext()[pri:5, instance:webdriver_API.Browser@1e397ed7]" name="sendtext" duration-ms="5214" started-at="2018-04-05T20:29:53Z" finished-at="2018-04-05T20:29:59Z">
          <reporter-output>
          </reporter-output>
        </test-method> <!-- sendtext -->
        <test-method status="PASS" signature="quit_broswer()[pri:0, instance:webdriver_API.Browser@1e397ed7]" name="quit_broswer" is-config="true" duration-ms="126" started-at="2018-04-05T20:29:59Z" finished-at="2018-04-05T20:29:59Z">
          <reporter-output>
          </reporter-output>
        </test-method> <!-- quit_broswer -->
      </class> <!-- webdriver_API.Browser -->
    </test> <!-- Default test -->
  </suite> <!-- Default suite -->
</testng-results>
